    OpenRGB v0.9
    Commit:  from 
    Launched: 20250124_224817
====================================================================================================

0     |Info:    Found file: Almost normal.orp attempting to validate header
0     |Info:    Valid v4 profile found for Almost normal
1018  |Info:    ------------------------------------------------------
1018  |Info:    |               Start device detection               |
1018  |Info:    ------------------------------------------------------
1018  |Info:    Initializing HID interfaces: Success
1021  |Info:    ------------------------------------------------------
1021  |Info:    |             Detecting I2C interfaces               |
1021  |Info:    ------------------------------------------------------
1021  |Info:    Registering I2C interface: /dev/i2c-3 Device 10DE:1F08 Subsystem: 3842:2062
1021  |Info:    Registering I2C interface: /dev/i2c-1 Device 10DE:1F08 Subsystem: 3842:2062
1021  |Info:    Registering I2C interface: /dev/i2c-4 Device 10DE:1ADB Subsystem: 3842:2062
1021  |Info:    Registering I2C interface: /dev/i2c-2 Device 10DE:1F08 Subsystem: 3842:2062
1021  |Info:    Registering I2C interface: /dev/i2c-0 Device 10DE:1F08 Subsystem: 3842:2062
1021  |Info:    Registering I2C interface: /dev/i2c-5 Device 8086:A323 Subsystem: 1462:7B17
1021  |Info:    ------------------------------------------------------
1021  |Info:    |               Detecting I2C devices                |
1021  |Info:    ------------------------------------------------------
1103  |Info:    [Corsair Vengeance Pro RGB] Registering RGB controller
1137  |Info:    [Corsair Vengeance Pro RGB] Registering RGB controller
1400  |Info:    ------------------------------------------------------
1400  |Info:    |               Detecting I2C PCI devices            |
1400  |Info:    ------------------------------------------------------
1404  |Info:    ------------------------------------------------------
1404  |Info:    |               Detecting HID devices                |
1404  |Info:    ------------------------------------------------------
1462  |Info:    [Corsair Lighting Node Core] Registering RGB controller
1851  |Info:    [G502 HERO Gaming Mouse] Registering RGB controller
1905  |Info:    [SteelSeries Apex 3] Registering RGB controller
2171  |Info:    [MSI MPG Z390 GAMING PRO CARBON (MS-7B17)] Registering RGB controller
2172  |Info:    ------------------------------------------------------
2172  |Info:    |            Detecting libusb HID devices            |
2172  |Info:    ------------------------------------------------------
2196  |Info:    ------------------------------------------------------
2196  |Info:    |              Detecting other devices               |
2196  |Info:    ------------------------------------------------------
2203  |Info:    ------------------------------------------------------
2203  |Info:    |                Detection completed                 |
2203  |Info:    ------------------------------------------------------
14276 |Info:    Found file: Almost normal.orp attempting to validate header
14276 |Info:    Valid v4 profile found for Almost normal
14276 |Info:    Found file: Normal.orp attempting to validate header
14276 |Info:    Valid v4 profile found for Normal
