    OpenRGB v0.9
    Commit:  from 
    Launched: 20250215_161636
====================================================================================================

1     |Info:    Found file: Almost normal.orp attempting to validate header
1     |Info:    Valid v4 profile found for Almost normal
1     |Info:    Found file: Off.orp attempting to validate header
1     |Info:    Valid v4 profile found for Off
1019  |Info:    ------------------------------------------------------
1019  |Info:    |               Start device detection               |
1019  |Info:    ------------------------------------------------------
1020  |Info:    Initializing HID interfaces: Success
1035  |Info:    ------------------------------------------------------
1035  |Info:    |             Detecting I2C interfaces               |
1035  |Info:    ------------------------------------------------------
1035  |Info:    Registering I2C interface: /dev/i2c-3 Device 10DE:1F08 Subsystem: 3842:2062
1035  |Info:    Registering I2C interface: /dev/i2c-1 Device 10DE:1F08 Subsystem: 3842:2062
1035  |Info:    Registering I2C interface: /dev/i2c-4 Device 10DE:1ADB Subsystem: 3842:2062
1036  |Info:    Registering I2C interface: /dev/i2c-2 Device 10DE:1F08 Subsystem: 3842:2062
1036  |Info:    Registering I2C interface: /dev/i2c-0 Device 10DE:1F08 Subsystem: 3842:2062
1036  |Info:    Registering I2C interface: /dev/i2c-5 Device 8086:A323 Subsystem: 1462:7B17
1036  |Info:    ------------------------------------------------------
1036  |Info:    |               Detecting I2C devices                |
1036  |Info:    ------------------------------------------------------
1130  |Info:    [Corsair Vengeance Pro RGB] Registering RGB controller
1154  |Info:    [Corsair Vengeance Pro RGB] Registering RGB controller
1408  |Info:    ------------------------------------------------------
1408  |Info:    |               Detecting I2C PCI devices            |
1408  |Info:    ------------------------------------------------------
1411  |Info:    ------------------------------------------------------
1411  |Info:    |               Detecting HID devices                |
1411  |Info:    ------------------------------------------------------
1464  |Info:    [Corsair Lighting Node Core] Registering RGB controller
1852  |Info:    [G502 HERO Gaming Mouse] Registering RGB controller
1905  |Info:    [SteelSeries Apex 3] Registering RGB controller
2195  |Info:    [MSI MPG Z390 GAMING PRO CARBON (MS-7B17)] Registering RGB controller
2195  |Info:    ------------------------------------------------------
2195  |Info:    |            Detecting libusb HID devices            |
2195  |Info:    ------------------------------------------------------
2245  |Info:    ------------------------------------------------------
2245  |Info:    |              Detecting other devices               |
2245  |Info:    ------------------------------------------------------
2259  |Info:    ------------------------------------------------------
2259  |Info:    |                Detection completed                 |
2259  |Info:    ------------------------------------------------------
2260  |Info:    Profile loading: Succeeded for Corsair Vengeance Pro RGB @ I2C: /dev/i2c-5, address 0x59
2260  |Info:    Profile loading: Succeeded for Corsair Vengeance Pro RGB @ I2C: /dev/i2c-5, address 0x5B
2260  |Info:    Profile loading: Succeeded for Corsair Lighting Node Core @ HID: /dev/hidraw7
2260  |Info:    Profile loading: Succeeded for G502 HERO Gaming Mouse @ HID: /dev/hidraw1 (Receiver) 
Wireless Index: 255
2260  |Info:    Profile loading: Succeeded for SteelSeries Apex 3 @ HID: /dev/hidraw5
2260  |Info:    Profile loading: Succeeded for MSI MPG Z390 GAMING PRO CARBON (MS-7B17) @ HID: /dev/hidraw6
