    OpenRGB v0.9
    Commit:  from 
    Launched: 20250225_103641
====================================================================================================

14    |Info:    Found file: Almost normal.orp attempting to validate header
14    |Info:    Valid v4 profile found for Almost normal
14    |Info:    Found file: Off.orp attempting to validate header
14    |Info:    Valid v4 profile found for Off
1018  |Info:    ------------------------------------------------------
1018  |Info:    |               Start device detection               |
1018  |Info:    ------------------------------------------------------
1019  |Info:    Initializing HID interfaces: Success
1025  |Info:    ------------------------------------------------------
1025  |Info:    |             Detecting I2C interfaces               |
1025  |Info:    ------------------------------------------------------
1025  |Info:    Registering I2C interface: /dev/i2c-3 Device 10DE:1F08 Subsystem: 3842:2062
1026  |Info:    Registering I2C interface: /dev/i2c-1 Device 10DE:1F08 Subsystem: 3842:2062
1026  |Info:    Registering I2C interface: /dev/i2c-4 Device 10DE:1ADB Subsystem: 3842:2062
1026  |Info:    Registering I2C interface: /dev/i2c-2 Device 10DE:1F08 Subsystem: 3842:2062
1026  |Info:    Registering I2C interface: /dev/i2c-0 Device 10DE:1F08 Subsystem: 3842:2062
1026  |Info:    Registering I2C interface: /dev/i2c-5 Device 8086:A323 Subsystem: 1462:7B17
1026  |Info:    ------------------------------------------------------
1026  |Info:    |               Detecting I2C devices                |
1026  |Info:    ------------------------------------------------------
1113  |Info:    [Corsair Vengeance Pro RGB] Registering RGB controller
1136  |Info:    [Corsair Vengeance Pro RGB] Registering RGB controller
1388  |Info:    ------------------------------------------------------
1388  |Info:    |               Detecting I2C PCI devices            |
1388  |Info:    ------------------------------------------------------
1389  |Info:    ------------------------------------------------------
1389  |Info:    |               Detecting HID devices                |
1389  |Info:    ------------------------------------------------------
1442  |Info:    [Corsair Lighting Node Core] Registering RGB controller
1830  |Info:    [G502 HERO Gaming Mouse] Registering RGB controller
1882  |Info:    [SteelSeries Apex 3] Registering RGB controller
2189  |Info:    [MSI MPG Z390 GAMING PRO CARBON (MS-7B17)] Registering RGB controller
2189  |Info:    ------------------------------------------------------
2189  |Info:    |            Detecting libusb HID devices            |
2189  |Info:    ------------------------------------------------------
2226  |Info:    ------------------------------------------------------
2226  |Info:    |              Detecting other devices               |
2226  |Info:    ------------------------------------------------------
2243  |Info:    ------------------------------------------------------
2243  |Info:    |                Detection completed                 |
2243  |Info:    ------------------------------------------------------
2244  |Info:    Profile loading: Succeeded for Corsair Vengeance Pro RGB @ I2C: /dev/i2c-5, address 0x59
2245  |Info:    Profile loading: Succeeded for Corsair Vengeance Pro RGB @ I2C: /dev/i2c-5, address 0x5B
2245  |Info:    Profile loading: Succeeded for Corsair Lighting Node Core @ HID: /dev/hidraw4
2245  |Info:    Profile loading: Succeeded for G502 HERO Gaming Mouse @ HID: /dev/hidraw2 (Receiver) 
Wireless Index: 255
2245  |Info:    Profile loading: Succeeded for SteelSeries Apex 3 @ HID: /dev/hidraw1
2245  |Info:    Profile loading: Succeeded for MSI MPG Z390 GAMING PRO CARBON (MS-7B17) @ HID: /dev/hidraw3
