    OpenRGB v0.9
    Commit:  from 
    Launched: 20250129_155400
====================================================================================================

0     |Info:    Found file: Almost normal.orp attempting to validate header
0     |Info:    Valid v4 profile found for Almost normal
0     |Info:    Found file: Off.orp attempting to validate header
0     |Info:    Valid v4 profile found for Off
1002  |Info:    ------------------------------------------------------
1002  |Info:    |               Start device detection               |
1002  |Info:    ------------------------------------------------------
1002  |Info:    Initializing HID interfaces: Success
1006  |Info:    ------------------------------------------------------
1016  |Info:    |             Detecting I2C interfaces               |
1016  |Info:    ------------------------------------------------------
1016  |Info:    Registering I2C interface: /dev/i2c-3 Device 10DE:1F08 Subsystem: 3842:2062
1016  |Info:    Registering I2C interface: /dev/i2c-1 Device 10DE:1F08 Subsystem: 3842:2062
1016  |Info:    Registering I2C interface: /dev/i2c-4 Device 10DE:1ADB Subsystem: 3842:2062
1016  |Info:    Registering I2C interface: /dev/i2c-2 Device 10DE:1F08 Subsystem: 3842:2062
1016  |Info:    Registering I2C interface: /dev/i2c-0 Device 10DE:1F08 Subsystem: 3842:2062
1017  |Info:    Registering I2C interface: /dev/i2c-5 Device 8086:A323 Subsystem: 1462:7B17
1017  |Info:    ------------------------------------------------------
1017  |Info:    |               Detecting I2C devices                |
1017  |Info:    ------------------------------------------------------
1106  |Info:    [Corsair Vengeance Pro RGB] Registering RGB controller
1129  |Info:    [Corsair Vengeance Pro RGB] Registering RGB controller
1379  |Info:    ------------------------------------------------------
1379  |Info:    |               Detecting I2C PCI devices            |
1379  |Info:    ------------------------------------------------------
1382  |Info:    ------------------------------------------------------
1382  |Info:    |               Detecting HID devices                |
1382  |Info:    ------------------------------------------------------
1435  |Info:    [Corsair Lighting Node Core] Registering RGB controller
1823  |Info:    [G502 HERO Gaming Mouse] Registering RGB controller
1875  |Info:    [SteelSeries Apex 3] Registering RGB controller
2136  |Info:    [MSI MPG Z390 GAMING PRO CARBON (MS-7B17)] Registering RGB controller
2136  |Info:    ------------------------------------------------------
2136  |Info:    |            Detecting libusb HID devices            |
2136  |Info:    ------------------------------------------------------
2152  |Info:    ------------------------------------------------------
2152  |Info:    |              Detecting other devices               |
2152  |Info:    ------------------------------------------------------
2156  |Info:    ------------------------------------------------------
2156  |Info:    |                Detection completed                 |
2156  |Info:    ------------------------------------------------------
2156  |Info:    Profile loading: Succeeded for Corsair Vengeance Pro RGB @ I2C: /dev/i2c-5, address 0x59
2156  |Info:    Profile loading: Succeeded for Corsair Vengeance Pro RGB @ I2C: /dev/i2c-5, address 0x5B
2156  |Info:    Profile loading: Succeeded for Corsair Lighting Node Core @ HID: /dev/hidraw7
2156  |Info:    Profile loading: Succeeded for G502 HERO Gaming Mouse @ HID: /dev/hidraw2 (Receiver) 
Wireless Index: 255
2156  |Info:    Profile loading: Succeeded for SteelSeries Apex 3 @ HID: /dev/hidraw0
2156  |Info:    Profile loading: Succeeded for MSI MPG Z390 GAMING PRO CARBON (MS-7B17) @ HID: /dev/hidraw6
