    OpenRGB v0.9
    Commit:  from 
    Launched: 20250124_224847
====================================================================================================

0     |Info:    Found file: Almost normal.orp attempting to validate header
0     |Info:    Valid v4 profile found for Almost normal
0     |Info:    Found file: Normal.orp attempting to validate header
0     |Info:    Valid v4 profile found for Normal
1004  |Info:    ------------------------------------------------------
1004  |Info:    |               Start device detection               |
1004  |Info:    ------------------------------------------------------
1005  |Info:    Initializing HID interfaces: Success
1027  |Info:    ------------------------------------------------------
1027  |Info:    |             Detecting I2C interfaces               |
1027  |Info:    ------------------------------------------------------
1029  |Info:    Registering I2C interface: /dev/i2c-3 Device 10DE:1F08 Subsystem: 3842:2062
1030  |Info:    Registering I2C interface: /dev/i2c-1 Device 10DE:1F08 Subsystem: 3842:2062
1030  |Info:    Registering I2C interface: /dev/i2c-4 Device 10DE:1ADB Subsystem: 3842:2062
1030  |Info:    Registering I2C interface: /dev/i2c-2 Device 10DE:1F08 Subsystem: 3842:2062
1030  |Info:    Registering I2C interface: /dev/i2c-0 Device 10DE:1F08 Subsystem: 3842:2062
1031  |Info:    Registering I2C interface: /dev/i2c-5 Device 8086:A323 Subsystem: 1462:7B17
1031  |Info:    ------------------------------------------------------
1031  |Info:    |               Detecting I2C devices                |
1031  |Info:    ------------------------------------------------------
1122  |Info:    [Corsair Vengeance Pro RGB] Registering RGB controller
1145  |Info:    [Corsair Vengeance Pro RGB] Registering RGB controller
1408  |Info:    ------------------------------------------------------
1408  |Info:    |               Detecting I2C PCI devices            |
1408  |Info:    ------------------------------------------------------
1412  |Info:    ------------------------------------------------------
1412  |Info:    |               Detecting HID devices                |
1412  |Info:    ------------------------------------------------------
1471  |Info:    [Corsair Lighting Node Core] Registering RGB controller
1859  |Info:    [G502 HERO Gaming Mouse] Registering RGB controller
1915  |Info:    [SteelSeries Apex 3] Registering RGB controller
2197  |Info:    [MSI MPG Z390 GAMING PRO CARBON (MS-7B17)] Registering RGB controller
2198  |Info:    ------------------------------------------------------
2198  |Info:    |            Detecting libusb HID devices            |
2198  |Info:    ------------------------------------------------------
2215  |Info:    ------------------------------------------------------
2215  |Info:    |              Detecting other devices               |
2215  |Info:    ------------------------------------------------------
2219  |Info:    ------------------------------------------------------
2219  |Info:    |                Detection completed                 |
2219  |Info:    ------------------------------------------------------
11440 |Info:    Profile loading: Succeeded for Corsair Vengeance Pro RGB @ I2C: /dev/i2c-5, address 0x59
11440 |Info:    Profile loading: Succeeded for Corsair Vengeance Pro RGB @ I2C: /dev/i2c-5, address 0x5B
11440 |Info:    Profile loading: Succeeded for Corsair Lighting Node Core @ HID: /dev/hidraw7
11440 |Info:    Profile loading: Succeeded for G502 HERO Gaming Mouse @ HID: /dev/hidraw1 (Receiver) 
Wireless Index: 255
11440 |Info:    Profile loading: Succeeded for SteelSeries Apex 3 @ HID: /dev/hidraw5
11440 |Info:    Profile loading: Succeeded for MSI MPG Z390 GAMING PRO CARBON (MS-7B17) @ HID: /dev/hidraw6
17322 |Info:    Profile loading: Succeeded for Corsair Vengeance Pro RGB @ I2C: /dev/i2c-5, address 0x59
17322 |Info:    Profile loading: Succeeded for Corsair Vengeance Pro RGB @ I2C: /dev/i2c-5, address 0x5B
17322 |Info:    Profile loading: Succeeded for Corsair Lighting Node Core @ HID: /dev/hidraw7
17322 |Info:    Profile loading: Succeeded for G502 HERO Gaming Mouse @ HID: /dev/hidraw1 (Receiver) 
Wireless Index: 255
17322 |Info:    Profile loading: Succeeded for SteelSeries Apex 3 @ HID: /dev/hidraw5
17322 |Info:    Profile loading: Succeeded for MSI MPG Z390 GAMING PRO CARBON (MS-7B17) @ HID: /dev/hidraw6
22859 |Info:    Profile loading: Succeeded for Corsair Vengeance Pro RGB @ I2C: /dev/i2c-5, address 0x59
22859 |Info:    Profile loading: Succeeded for Corsair Vengeance Pro RGB @ I2C: /dev/i2c-5, address 0x5B
22859 |Info:    Profile loading: Succeeded for Corsair Lighting Node Core @ HID: /dev/hidraw7
22859 |Info:    Profile loading: Succeeded for G502 HERO Gaming Mouse @ HID: /dev/hidraw1 (Receiver) 
Wireless Index: 255
22859 |Info:    Profile loading: Succeeded for SteelSeries Apex 3 @ HID: /dev/hidraw5
22859 |Info:    Profile loading: Succeeded for MSI MPG Z390 GAMING PRO CARBON (MS-7B17) @ HID: /dev/hidraw6
26537 |Info:    Profile loading: Succeeded for Corsair Vengeance Pro RGB @ I2C: /dev/i2c-5, address 0x59
26537 |Info:    Profile loading: Succeeded for Corsair Vengeance Pro RGB @ I2C: /dev/i2c-5, address 0x5B
26537 |Info:    Profile loading: Succeeded for Corsair Lighting Node Core @ HID: /dev/hidraw7
26537 |Info:    Profile loading: Succeeded for G502 HERO Gaming Mouse @ HID: /dev/hidraw1 (Receiver) 
Wireless Index: 255
26537 |Info:    Profile loading: Succeeded for SteelSeries Apex 3 @ HID: /dev/hidraw5
26537 |Info:    Profile loading: Succeeded for MSI MPG Z390 GAMING PRO CARBON (MS-7B17) @ HID: /dev/hidraw6
232819|Info:    Found file: Almost normal.orp attempting to validate header
232819|Info:    Valid v4 profile found for Almost normal
232819|Info:    Found file: Normal.orp attempting to validate header
232819|Info:    Valid v4 profile found for Normal
232819|Info:    Found file: Off.orp attempting to validate header
232819|Info:    Valid v4 profile found for Off
240434|Info:    Profile loading: Succeeded for Corsair Vengeance Pro RGB @ I2C: /dev/i2c-5, address 0x59
240434|Info:    Profile loading: Succeeded for Corsair Vengeance Pro RGB @ I2C: /dev/i2c-5, address 0x5B
240434|Info:    Profile loading: Succeeded for Corsair Lighting Node Core @ HID: /dev/hidraw7
240434|Info:    Profile loading: Succeeded for G502 HERO Gaming Mouse @ HID: /dev/hidraw1 (Receiver) 
Wireless Index: 255
240434|Info:    Profile loading: Succeeded for SteelSeries Apex 3 @ HID: /dev/hidraw5
240434|Info:    Profile loading: Succeeded for MSI MPG Z390 GAMING PRO CARBON (MS-7B17) @ HID: /dev/hidraw6
243433|Info:    Found file: Almost normal.orp attempting to validate header
243433|Info:    Valid v4 profile found for Almost normal
243433|Info:    Found file: Off.orp attempting to validate header
243433|Info:    Valid v4 profile found for Off
245837|Info:    Profile loading: Succeeded for Corsair Vengeance Pro RGB @ I2C: /dev/i2c-5, address 0x59
245837|Info:    Profile loading: Succeeded for Corsair Vengeance Pro RGB @ I2C: /dev/i2c-5, address 0x5B
245837|Info:    Profile loading: Succeeded for Corsair Lighting Node Core @ HID: /dev/hidraw7
245837|Info:    Profile loading: Succeeded for G502 HERO Gaming Mouse @ HID: /dev/hidraw1 (Receiver) 
Wireless Index: 255
245837|Info:    Profile loading: Succeeded for SteelSeries Apex 3 @ HID: /dev/hidraw5
245837|Info:    Profile loading: Succeeded for MSI MPG Z390 GAMING PRO CARBON (MS-7B17) @ HID: /dev/hidraw6
