    OpenRGB v0.9
    Commit:  from 
    Launched: 20250221_224708
====================================================================================================

0     |Info:    Found file: Almost normal.orp attempting to validate header
0     |Info:    Valid v4 profile found for Almost normal
0     |Info:    Found file: Off.orp attempting to validate header
1     |Info:    Valid v4 profile found for Off
1027  |Info:    ------------------------------------------------------
1027  |Info:    |               Start device detection               |
1027  |Info:    ------------------------------------------------------
1028  |Info:    Initializing HID interfaces: Success
1034  |Info:    ------------------------------------------------------
1034  |Info:    |             Detecting I2C interfaces               |
1034  |Info:    ------------------------------------------------------
1034  |Info:    Registering I2C interface: /dev/i2c-3 Device 10DE:1F08 Subsystem: 3842:2062
1034  |Info:    Registering I2C interface: /dev/i2c-1 Device 10DE:1F08 Subsystem: 3842:2062
1034  |Info:    Registering I2C interface: /dev/i2c-4 Device 10DE:1ADB Subsystem: 3842:2062
1034  |Info:    Registering I2C interface: /dev/i2c-2 Device 10DE:1F08 Subsystem: 3842:2062
1034  |Info:    Registering I2C interface: /dev/i2c-0 Device 10DE:1F08 Subsystem: 3842:2062
1034  |Info:    Registering I2C interface: /dev/i2c-5 Device 8086:A323 Subsystem: 1462:7B17
1034  |Info:    ------------------------------------------------------
1034  |Info:    |               Detecting I2C devices                |
1034  |Info:    ------------------------------------------------------
1123  |Info:    [Corsair Vengeance Pro RGB] Registering RGB controller
1147  |Info:    [Corsair Vengeance Pro RGB] Registering RGB controller
1401  |Info:    ------------------------------------------------------
1401  |Info:    |               Detecting I2C PCI devices            |
1401  |Info:    ------------------------------------------------------
1404  |Info:    ------------------------------------------------------
1404  |Info:    |               Detecting HID devices                |
1404  |Info:    ------------------------------------------------------
1458  |Info:    [Corsair Lighting Node Core] Registering RGB controller
1848  |Info:    [G502 HERO Gaming Mouse] Registering RGB controller
1900  |Info:    [SteelSeries Apex 3] Registering RGB controller
2186  |Info:    [MSI MPG Z390 GAMING PRO CARBON (MS-7B17)] Registering RGB controller
2186  |Info:    ------------------------------------------------------
2186  |Info:    |            Detecting libusb HID devices            |
2186  |Info:    ------------------------------------------------------
2227  |Info:    ------------------------------------------------------
2227  |Info:    |              Detecting other devices               |
2227  |Info:    ------------------------------------------------------
2245  |Info:    ------------------------------------------------------
2245  |Info:    |                Detection completed                 |
2245  |Info:    ------------------------------------------------------
2246  |Info:    Profile loading: Succeeded for Corsair Vengeance Pro RGB @ I2C: /dev/i2c-5, address 0x59
2246  |Info:    Profile loading: Succeeded for Corsair Vengeance Pro RGB @ I2C: /dev/i2c-5, address 0x5B
2246  |Info:    Profile loading: Succeeded for Corsair Lighting Node Core @ HID: /dev/hidraw7
2246  |Info:    Profile loading: Succeeded for G502 HERO Gaming Mouse @ HID: /dev/hidraw1 (Receiver) 
Wireless Index: 255
2246  |Info:    Profile loading: Succeeded for SteelSeries Apex 3 @ HID: /dev/hidraw5
2246  |Info:    Profile loading: Succeeded for MSI MPG Z390 GAMING PRO CARBON (MS-7B17) @ HID: /dev/hidraw6
