    OpenRGB v0.9
    Commit: b5f46e3f1de03595656c682fc2f068b66e735e63 from 2023-07-09 22:51:47 -0500
    Launched: 20240903_230642
====================================================================================================

1022  |Info:    ------------------------------------------------------
1022  |Info:    |               Start device detection               |
1022  |Info:    ------------------------------------------------------
1023  |Info:    Initializing HID interfaces: Success
1029  |Info:    ------------------------------------------------------
1029  |Info:    |             Detecting I2C interfaces               |
1029  |Info:    ------------------------------------------------------
1029  |Info:    Registering I2C interface: /dev/i2c-3 Device 10DE:1F08 Subsystem: 3842:2062
1029  |Info:    Registering I2C interface: /dev/i2c-1 Device 8086:A323 Subsystem: 1462:7B17
1029  |Info:    Registering I2C interface: /dev/i2c-4 Device 10DE:1F08 Subsystem: 3842:2062
1029  |Info:    Registering I2C interface: /dev/i2c-2 Device 10DE:1F08 Subsystem: 3842:2062
1030  |Info:    Registering I2C interface: /dev/i2c-0 Device 10DE:1ADB Subsystem: 3842:2062
1030  |Info:    Registering I2C interface: /dev/i2c-5 Device 10DE:1F08 Subsystem: 3842:2062
1030  |Info:    ------------------------------------------------------
1030  |Info:    |               Detecting I2C devices                |
1030  |Info:    ------------------------------------------------------
1252  |Info:    [Corsair Vengeance Pro RGB] Registering RGB controller
1274  |Info:    [Corsair Vengeance Pro RGB] Registering RGB controller
1375  |Info:    ------------------------------------------------------
1375  |Info:    |               Detecting I2C PCI devices            |
1375  |Info:    ------------------------------------------------------
1375  |Info:    ------------------------------------------------------
1375  |Info:    |               Detecting HID devices                |
1375  |Info:    ------------------------------------------------------
1429  |Info:    [Corsair Lighting Node Core] Registering RGB controller
1818  |Info:    [G502 HERO Gaming Mouse] Registering RGB controller
1869  |Info:    [SteelSeries Apex 3] Registering RGB controller
2173  |Info:    [MSI MPG Z390 GAMING PRO CARBON (MS-7B17)] Registering RGB controller
2173  |Info:    ------------------------------------------------------
2173  |Info:    |            Detecting libusb HID devices            |
2173  |Info:    ------------------------------------------------------
2173  |Info:    ------------------------------------------------------
2173  |Info:    |              Detecting other devices               |
2173  |Info:    ------------------------------------------------------
2190  |Info:    ------------------------------------------------------
2190  |Info:    |                Detection completed                 |
2190  |Info:    ------------------------------------------------------
601220|Info:    Found file: Almost normal.orp attempting to validate header
601220|Info:    Valid v4 profile found for Almost normal
