    OpenRGB v0.9
    Commit:  from 
    Launched: 20250212_170320
====================================================================================================

0     |Info:    Found file: Almost normal.orp attempting to validate header
0     |Info:    Valid v4 profile found for Almost normal
0     |Info:    Found file: Off.orp attempting to validate header
0     |Info:    Valid v4 profile found for Off
1025  |Info:    ------------------------------------------------------
1026  |Info:    |               Start device detection               |
1026  |Info:    ------------------------------------------------------
1026  |Info:    Initializing HID interfaces: Success
1041  |Info:    ------------------------------------------------------
1041  |Info:    |             Detecting I2C interfaces               |
1041  |Info:    ------------------------------------------------------
1042  |Info:    Registering I2C interface: /dev/i2c-3 Device 10DE:1F08 Subsystem: 3842:2062
1042  |Info:    Registering I2C interface: /dev/i2c-1 Device 10DE:1F08 Subsystem: 3842:2062
1042  |Info:    Registering I2C interface: /dev/i2c-4 Device 10DE:1ADB Subsystem: 3842:2062
1043  |Info:    Registering I2C interface: /dev/i2c-2 Device 10DE:1F08 Subsystem: 3842:2062
1043  |Info:    Registering I2C interface: /dev/i2c-0 Device 10DE:1F08 Subsystem: 3842:2062
1043  |Info:    Registering I2C interface: /dev/i2c-5 Device 8086:A323 Subsystem: 1462:7B17
1043  |Info:    ------------------------------------------------------
1043  |Info:    |               Detecting I2C devices                |
1043  |Info:    ------------------------------------------------------
1138  |Info:    [Corsair Vengeance Pro RGB] Registering RGB controller
1162  |Info:    [Corsair Vengeance Pro RGB] Registering RGB controller
1416  |Info:    ------------------------------------------------------
1416  |Info:    |               Detecting I2C PCI devices            |
1416  |Info:    ------------------------------------------------------
1419  |Info:    ------------------------------------------------------
1419  |Info:    |               Detecting HID devices                |
1419  |Info:    ------------------------------------------------------
1480  |Info:    [Corsair Lighting Node Core] Registering RGB controller
1883  |Info:    [G502 HERO Gaming Mouse] Registering RGB controller
1936  |Info:    [SteelSeries Apex 3] Registering RGB controller
2219  |Info:    [MSI MPG Z390 GAMING PRO CARBON (MS-7B17)] Registering RGB controller
2219  |Info:    ------------------------------------------------------
2219  |Info:    |            Detecting libusb HID devices            |
2219  |Info:    ------------------------------------------------------
2257  |Info:    ------------------------------------------------------
2257  |Info:    |              Detecting other devices               |
2257  |Info:    ------------------------------------------------------
2272  |Info:    ------------------------------------------------------
2272  |Info:    |                Detection completed                 |
2272  |Info:    ------------------------------------------------------
2273  |Info:    Profile loading: Succeeded for Corsair Vengeance Pro RGB @ I2C: /dev/i2c-5, address 0x59
2273  |Info:    Profile loading: Succeeded for Corsair Vengeance Pro RGB @ I2C: /dev/i2c-5, address 0x5B
2273  |Info:    Profile loading: Succeeded for Corsair Lighting Node Core @ HID: /dev/hidraw7
2273  |Info:    Profile loading: Succeeded for G502 HERO Gaming Mouse @ HID: /dev/hidraw1 (Receiver) 
Wireless Index: 255
2273  |Info:    Profile loading: Succeeded for SteelSeries Apex 3 @ HID: /dev/hidraw5
2273  |Info:    Profile loading: Succeeded for MSI MPG Z390 GAMING PRO CARBON (MS-7B17) @ HID: /dev/hidraw6
