    OpenRGB v0.9
    Commit:  from 
    Launched: 20250214_154312
====================================================================================================

0     |Info:    Found file: Almost normal.orp attempting to validate header
0     |Info:    Valid v4 profile found for Almost normal
0     |Info:    Found file: Off.orp attempting to validate header
0     |Info:    Valid v4 profile found for Off
1002  |Info:    ------------------------------------------------------
1002  |Info:    |               Start device detection               |
1002  |Info:    ------------------------------------------------------
1002  |Info:    Initializing HID interfaces: Success
1007  |Info:    ------------------------------------------------------
1007  |Info:    |             Detecting I2C interfaces               |
1007  |Info:    ------------------------------------------------------
1007  |Info:    Registering I2C interface: /dev/i2c-3 Device 10DE:1F08 Subsystem: 3842:2062
1007  |Info:    Registering I2C interface: /dev/i2c-1 Device 10DE:1F08 Subsystem: 3842:2062
1007  |Info:    Registering I2C interface: /dev/i2c-4 Device 10DE:1ADB Subsystem: 3842:2062
1007  |Info:    Registering I2C interface: /dev/i2c-2 Device 10DE:1F08 Subsystem: 3842:2062
1007  |Info:    Registering I2C interface: /dev/i2c-0 Device 10DE:1F08 Subsystem: 3842:2062
1007  |Info:    Registering I2C interface: /dev/i2c-5 Device 8086:A323 Subsystem: 1462:7B17
1007  |Info:    ------------------------------------------------------
1007  |Info:    |               Detecting I2C devices                |
1007  |Info:    ------------------------------------------------------
1088  |Info:    [Corsair Vengeance Pro RGB] Registering RGB controller
1111  |Info:    [Corsair Vengeance Pro RGB] Registering RGB controller
1353  |Info:    ------------------------------------------------------
1353  |Info:    |               Detecting I2C PCI devices            |
1353  |Info:    ------------------------------------------------------
1354  |Info:    ------------------------------------------------------
1354  |Info:    |               Detecting HID devices                |
1354  |Info:    ------------------------------------------------------
1406  |Info:    [Corsair Lighting Node Core] Registering RGB controller
1794  |Info:    [G502 HERO Gaming Mouse] Registering RGB controller
1846  |Info:    [SteelSeries Apex 3] Registering RGB controller
2090  |Info:    [MSI MPG Z390 GAMING PRO CARBON (MS-7B17)] Registering RGB controller
2090  |Info:    ------------------------------------------------------
2090  |Info:    |            Detecting libusb HID devices            |
2090  |Info:    ------------------------------------------------------
2103  |Info:    ------------------------------------------------------
2103  |Info:    |              Detecting other devices               |
2103  |Info:    ------------------------------------------------------
2106  |Info:    ------------------------------------------------------
2106  |Info:    |                Detection completed                 |
2106  |Info:    ------------------------------------------------------
2106  |Info:    Profile loading: Succeeded for Corsair Vengeance Pro RGB @ I2C: /dev/i2c-5, address 0x59
2106  |Info:    Profile loading: Succeeded for Corsair Vengeance Pro RGB @ I2C: /dev/i2c-5, address 0x5B
2106  |Info:    Profile loading: Succeeded for Corsair Lighting Node Core @ HID: /dev/hidraw7
2106  |Info:    Profile loading: Succeeded for G502 HERO Gaming Mouse @ HID: /dev/hidraw1 (Receiver) 
Wireless Index: 255
2106  |Info:    Profile loading: Succeeded for SteelSeries Apex 3 @ HID: /dev/hidraw5
2106  |Info:    Profile loading: Succeeded for MSI MPG Z390 GAMING PRO CARBON (MS-7B17) @ HID: /dev/hidraw6
