    OpenRGB v0.9
    Commit:  from 
    Launched: 20250215_230538
====================================================================================================

0     |Info:    Found file: Almost normal.orp attempting to validate header
1     |Info:    Valid v4 profile found for Almost normal
1     |Info:    Found file: Off.orp attempting to validate header
1     |Info:    Valid v4 profile found for Off
1026  |Info:    ------------------------------------------------------
1026  |Info:    |               Start device detection               |
1026  |Info:    ------------------------------------------------------
1027  |Info:    Initializing HID interfaces: Success
1043  |Info:    ------------------------------------------------------
1043  |Info:    |             Detecting I2C interfaces               |
1043  |Info:    ------------------------------------------------------
1043  |Info:    Registering I2C interface: /dev/i2c-3 Device 10DE:1F08 Subsystem: 3842:2062
1044  |Info:    Registering I2C interface: /dev/i2c-1 Device 10DE:1F08 Subsystem: 3842:2062
1044  |Info:    Registering I2C interface: /dev/i2c-4 Device 10DE:1ADB Subsystem: 3842:2062
1044  |Info:    Registering I2C interface: /dev/i2c-2 Device 10DE:1F08 Subsystem: 3842:2062
1045  |Info:    Registering I2C interface: /dev/i2c-0 Device 10DE:1F08 Subsystem: 3842:2062
1045  |Info:    Registering I2C interface: /dev/i2c-5 Device 8086:A323 Subsystem: 1462:7B17
1045  |Info:    ------------------------------------------------------
1045  |Info:    |               Detecting I2C devices                |
1045  |Info:    ------------------------------------------------------
1140  |Info:    [Corsair Vengeance Pro RGB] Registering RGB controller
1163  |Info:    [Corsair Vengeance Pro RGB] Registering RGB controller
1417  |Info:    ------------------------------------------------------
1418  |Info:    |               Detecting I2C PCI devices            |
1418  |Info:    ------------------------------------------------------
1420  |Info:    ------------------------------------------------------
1420  |Info:    |               Detecting HID devices                |
1420  |Info:    ------------------------------------------------------
1480  |Info:    [Corsair Lighting Node Core] Registering RGB controller
1871  |Info:    [G502 HERO Gaming Mouse] Registering RGB controller
1923  |Info:    [SteelSeries Apex 3] Registering RGB controller
2227  |Info:    [MSI MPG Z390 GAMING PRO CARBON (MS-7B17)] Registering RGB controller
2227  |Info:    ------------------------------------------------------
2227  |Info:    |            Detecting libusb HID devices            |
2227  |Info:    ------------------------------------------------------
2267  |Info:    ------------------------------------------------------
2267  |Info:    |              Detecting other devices               |
2267  |Info:    ------------------------------------------------------
2283  |Info:    ------------------------------------------------------
2283  |Info:    |                Detection completed                 |
2283  |Info:    ------------------------------------------------------
2283  |Info:    Profile loading: Succeeded for Corsair Vengeance Pro RGB @ I2C: /dev/i2c-5, address 0x59
2283  |Info:    Profile loading: Succeeded for Corsair Vengeance Pro RGB @ I2C: /dev/i2c-5, address 0x5B
2283  |Info:    Profile loading: Succeeded for Corsair Lighting Node Core @ HID: /dev/hidraw7
2284  |Info:    Profile loading: Succeeded for G502 HERO Gaming Mouse @ HID: /dev/hidraw1 (Receiver) 
Wireless Index: 255
2284  |Info:    Profile loading: Succeeded for SteelSeries Apex 3 @ HID: /dev/hidraw5
2284  |Info:    Profile loading: Succeeded for MSI MPG Z390 GAMING PRO CARBON (MS-7B17) @ HID: /dev/hidraw6
