    OpenRGB v0.9
    Commit:  from 
    Launched: 20250210_001314
====================================================================================================

0     |Info:    Found file: Almost normal.orp attempting to validate header
0     |Info:    Valid v4 profile found for Almost normal
0     |Info:    Found file: Off.orp attempting to validate header
0     |Info:    Valid v4 profile found for Off
1012  |Info:    ------------------------------------------------------
1012  |Info:    |               Start device detection               |
1012  |Info:    ------------------------------------------------------
1013  |Info:    Initializing HID interfaces: Success
1028  |Info:    ------------------------------------------------------
1028  |Info:    |             Detecting I2C interfaces               |
1028  |Info:    ------------------------------------------------------
1028  |Info:    Registering I2C interface: /dev/i2c-3 Device 10DE:1F08 Subsystem: 3842:2062
1028  |Info:    Registering I2C interface: /dev/i2c-1 Device 10DE:1F08 Subsystem: 3842:2062
1029  |Info:    Registering I2C interface: /dev/i2c-4 Device 10DE:1ADB Subsystem: 3842:2062
1029  |Info:    Registering I2C interface: /dev/i2c-2 Device 10DE:1F08 Subsystem: 3842:2062
1029  |Info:    Registering I2C interface: /dev/i2c-0 Device 10DE:1F08 Subsystem: 3842:2062
1029  |Info:    Registering I2C interface: /dev/i2c-5 Device 8086:A323 Subsystem: 1462:7B17
1029  |Info:    ------------------------------------------------------
1029  |Info:    |               Detecting I2C devices                |
1029  |Info:    ------------------------------------------------------
1123  |Info:    [Corsair Vengeance Pro RGB] Registering RGB controller
1146  |Info:    [Corsair Vengeance Pro RGB] Registering RGB controller
1399  |Info:    ------------------------------------------------------
1399  |Info:    |               Detecting I2C PCI devices            |
1399  |Info:    ------------------------------------------------------
1402  |Info:    ------------------------------------------------------
1402  |Info:    |               Detecting HID devices                |
1402  |Info:    ------------------------------------------------------
1455  |Info:    [Corsair Lighting Node Core] Registering RGB controller
1846  |Info:    [G502 HERO Gaming Mouse] Registering RGB controller
1899  |Info:    [SteelSeries Apex 3] Registering RGB controller
2163  |Info:    [MSI MPG Z390 GAMING PRO CARBON (MS-7B17)] Registering RGB controller
2163  |Info:    ------------------------------------------------------
2163  |Info:    |            Detecting libusb HID devices            |
2163  |Info:    ------------------------------------------------------
2203  |Info:    ------------------------------------------------------
2203  |Info:    |              Detecting other devices               |
2203  |Info:    ------------------------------------------------------
2220  |Info:    ------------------------------------------------------
2220  |Info:    |                Detection completed                 |
2220  |Info:    ------------------------------------------------------
2221  |Info:    Profile loading: Succeeded for Corsair Vengeance Pro RGB @ I2C: /dev/i2c-5, address 0x59
2221  |Info:    Profile loading: Succeeded for Corsair Vengeance Pro RGB @ I2C: /dev/i2c-5, address 0x5B
2221  |Info:    Profile loading: Succeeded for Corsair Lighting Node Core @ HID: /dev/hidraw7
2221  |Info:    Profile loading: Succeeded for G502 HERO Gaming Mouse @ HID: /dev/hidraw1 (Receiver) 
Wireless Index: 255
2221  |Info:    Profile loading: Succeeded for SteelSeries Apex 3 @ HID: /dev/hidraw5
2221  |Info:    Profile loading: Succeeded for MSI MPG Z390 GAMING PRO CARBON (MS-7B17) @ HID: /dev/hidraw6
