    OpenRGB v0.9
    Commit:  from 
    Launched: 20250217_203948
====================================================================================================

0     |Info:    Found file: Almost normal.orp attempting to validate header
1     |Info:    Valid v4 profile found for Almost normal
1     |Info:    Found file: Off.orp attempting to validate header
1     |Info:    Valid v4 profile found for Off
1013  |Info:    ------------------------------------------------------
1013  |Info:    |               Start device detection               |
1013  |Info:    ------------------------------------------------------
1014  |Info:    Initializing HID interfaces: Success
1020  |Info:    ------------------------------------------------------
1020  |Info:    |             Detecting I2C interfaces               |
1020  |Info:    ------------------------------------------------------
1021  |Info:    Registering I2C interface: /dev/i2c-3 Device 10DE:1F08 Subsystem: 3842:2062
1021  |Info:    Registering I2C interface: /dev/i2c-1 Device 10DE:1F08 Subsystem: 3842:2062
1021  |Info:    Registering I2C interface: /dev/i2c-4 Device 10DE:1ADB Subsystem: 3842:2062
1021  |Info:    Registering I2C interface: /dev/i2c-2 Device 10DE:1F08 Subsystem: 3842:2062
1021  |Info:    Registering I2C interface: /dev/i2c-0 Device 10DE:1F08 Subsystem: 3842:2062
1021  |Info:    Registering I2C interface: /dev/i2c-5 Device 8086:A323 Subsystem: 1462:7B17
1021  |Info:    ------------------------------------------------------
1021  |Info:    |               Detecting I2C devices                |
1021  |Info:    ------------------------------------------------------
1110  |Info:    [Corsair Vengeance Pro RGB] Registering RGB controller
1134  |Info:    [Corsair Vengeance Pro RGB] Registering RGB controller
1388  |Info:    ------------------------------------------------------
1388  |Info:    |               Detecting I2C PCI devices            |
1388  |Info:    ------------------------------------------------------
1390  |Info:    ------------------------------------------------------
1390  |Info:    |               Detecting HID devices                |
1390  |Info:    ------------------------------------------------------
1443  |Info:    [Corsair Lighting Node Core] Registering RGB controller
1847  |Info:    [G502 HERO Gaming Mouse] Registering RGB controller
1901  |Info:    [SteelSeries Apex 3] Registering RGB controller
2191  |Info:    [MSI MPG Z390 GAMING PRO CARBON (MS-7B17)] Registering RGB controller
2191  |Info:    ------------------------------------------------------
2191  |Info:    |            Detecting libusb HID devices            |
2191  |Info:    ------------------------------------------------------
2226  |Info:    ------------------------------------------------------
2226  |Info:    |              Detecting other devices               |
2226  |Info:    ------------------------------------------------------
2232  |Info:    ------------------------------------------------------
2232  |Info:    |                Detection completed                 |
2232  |Info:    ------------------------------------------------------
2233  |Info:    Profile loading: Succeeded for Corsair Vengeance Pro RGB @ I2C: /dev/i2c-5, address 0x59
2233  |Info:    Profile loading: Succeeded for Corsair Vengeance Pro RGB @ I2C: /dev/i2c-5, address 0x5B
2233  |Info:    Profile loading: Succeeded for Corsair Lighting Node Core @ HID: /dev/hidraw7
2233  |Info:    Profile loading: Succeeded for G502 HERO Gaming Mouse @ HID: /dev/hidraw1 (Receiver) 
Wireless Index: 255
2233  |Info:    Profile loading: Succeeded for SteelSeries Apex 3 @ HID: /dev/hidraw5
2233  |Info:    Profile loading: Succeeded for MSI MPG Z390 GAMING PRO CARBON (MS-7B17) @ HID: /dev/hidraw6
