    OpenRGB v0.9
    Commit:  from 
    Launched: 20250202_144146
====================================================================================================

0     |Info:    Found file: Almost normal.orp attempting to validate header
0     |Info:    Valid v4 profile found for Almost normal
0     |Info:    Found file: Off.orp attempting to validate header
0     |Info:    Valid v4 profile found for Off
1004  |Info:    ------------------------------------------------------
1004  |Info:    |               Start device detection               |
1004  |Info:    ------------------------------------------------------
1005  |Info:    Initializing HID interfaces: Success
1011  |Info:    ------------------------------------------------------
1011  |Info:    |             Detecting I2C interfaces               |
1011  |Info:    ------------------------------------------------------
1011  |Info:    Registering I2C interface: /dev/i2c-3 Device 10DE:1F08 Subsystem: 3842:2062
1012  |Info:    Registering I2C interface: /dev/i2c-1 Device 10DE:1F08 Subsystem: 3842:2062
1012  |Info:    Registering I2C interface: /dev/i2c-4 Device 10DE:1F08 Subsystem: 3842:2062
1012  |Info:    Registering I2C interface: /dev/i2c-2 Device 10DE:1F08 Subsystem: 3842:2062
1012  |Info:    Registering I2C interface: /dev/i2c-0 Device 10DE:1ADB Subsystem: 3842:2062
1012  |Info:    Registering I2C interface: /dev/i2c-5 Device 8086:A323 Subsystem: 1462:7B17
1012  |Info:    ------------------------------------------------------
1012  |Info:    |               Detecting I2C devices                |
1012  |Info:    ------------------------------------------------------
1099  |Info:    [Corsair Vengeance Pro RGB] Registering RGB controller
1122  |Info:    [Corsair Vengeance Pro RGB] Registering RGB controller
1374  |Info:    ------------------------------------------------------
1374  |Info:    |               Detecting I2C PCI devices            |
1374  |Info:    ------------------------------------------------------
1376  |Info:    ------------------------------------------------------
1376  |Info:    |               Detecting HID devices                |
1376  |Info:    ------------------------------------------------------
1430  |Info:    [Corsair Lighting Node Core] Registering RGB controller
1817  |Info:    [G502 HERO Gaming Mouse] Registering RGB controller
1869  |Info:    [SteelSeries Apex 3] Registering RGB controller
2177  |Info:    [MSI MPG Z390 GAMING PRO CARBON (MS-7B17)] Registering RGB controller
2177  |Info:    ------------------------------------------------------
2177  |Info:    |            Detecting libusb HID devices            |
2177  |Info:    ------------------------------------------------------
2216  |Info:    ------------------------------------------------------
2216  |Info:    |              Detecting other devices               |
2216  |Info:    ------------------------------------------------------
2225  |Info:    ------------------------------------------------------
2225  |Info:    |                Detection completed                 |
2225  |Info:    ------------------------------------------------------
2225  |Info:    Profile loading: Succeeded for Corsair Vengeance Pro RGB @ I2C: /dev/i2c-5, address 0x59
2225  |Info:    Profile loading: Succeeded for Corsair Vengeance Pro RGB @ I2C: /dev/i2c-5, address 0x5B
2225  |Info:    Profile loading: Succeeded for Corsair Lighting Node Core @ HID: /dev/hidraw7
2225  |Info:    Profile loading: Succeeded for G502 HERO Gaming Mouse @ HID: /dev/hidraw5 (Receiver) 
Wireless Index: 255
2225  |Info:    Profile loading: Succeeded for SteelSeries Apex 3 @ HID: /dev/hidraw3
2225  |Info:    Profile loading: Succeeded for MSI MPG Z390 GAMING PRO CARBON (MS-7B17) @ HID: /dev/hidraw6
