    OpenRGB v0.9
    Commit:  from 
    Launched: 20250220_150252
====================================================================================================

14    |Info:    Found file: Almost normal.orp attempting to validate header
14    |Info:    Valid v4 profile found for Almost normal
14    |Info:    Found file: Off.orp attempting to validate header
14    |Info:    Valid v4 profile found for Off
1018  |Info:    ------------------------------------------------------
1018  |Info:    |               Start device detection               |
1018  |Info:    ------------------------------------------------------
1019  |Info:    Initializing HID interfaces: Success
1033  |Info:    ------------------------------------------------------
1033  |Info:    |             Detecting I2C interfaces               |
1033  |Info:    ------------------------------------------------------
1034  |Info:    Registering I2C interface: /dev/i2c-3 Device 10DE:1F08 Subsystem: 3842:2062
1034  |Info:    Registering I2C interface: /dev/i2c-1 Device 10DE:1F08 Subsystem: 3842:2062
1034  |Info:    Registering I2C interface: /dev/i2c-4 Device 10DE:1ADB Subsystem: 3842:2062
1035  |Info:    Registering I2C interface: /dev/i2c-2 Device 10DE:1F08 Subsystem: 3842:2062
1035  |Info:    Registering I2C interface: /dev/i2c-0 Device 10DE:1F08 Subsystem: 3842:2062
1035  |Info:    Registering I2C interface: /dev/i2c-5 Device 8086:A323 Subsystem: 1462:7B17
1035  |Info:    ------------------------------------------------------
1035  |Info:    |               Detecting I2C devices                |
1035  |Info:    ------------------------------------------------------
1128  |Info:    [Corsair Vengeance Pro RGB] Registering RGB controller
1152  |Info:    [Corsair Vengeance Pro RGB] Registering RGB controller
1405  |Info:    ------------------------------------------------------
1405  |Info:    |               Detecting I2C PCI devices            |
1405  |Info:    ------------------------------------------------------
1407  |Info:    ------------------------------------------------------
1407  |Info:    |               Detecting HID devices                |
1407  |Info:    ------------------------------------------------------
1461  |Info:    [Corsair Lighting Node Core] Registering RGB controller
1849  |Info:    [G502 HERO Gaming Mouse] Registering RGB controller
1902  |Info:    [SteelSeries Apex 3] Registering RGB controller
2204  |Info:    [MSI MPG Z390 GAMING PRO CARBON (MS-7B17)] Registering RGB controller
2204  |Info:    ------------------------------------------------------
2204  |Info:    |            Detecting libusb HID devices            |
2204  |Info:    ------------------------------------------------------
2242  |Info:    ------------------------------------------------------
2242  |Info:    |              Detecting other devices               |
2242  |Info:    ------------------------------------------------------
2260  |Info:    ------------------------------------------------------
2260  |Info:    |                Detection completed                 |
2260  |Info:    ------------------------------------------------------
2261  |Info:    Profile loading: Succeeded for Corsair Vengeance Pro RGB @ I2C: /dev/i2c-5, address 0x59
2261  |Info:    Profile loading: Succeeded for Corsair Vengeance Pro RGB @ I2C: /dev/i2c-5, address 0x5B
2261  |Info:    Profile loading: Succeeded for Corsair Lighting Node Core @ HID: /dev/hidraw7
2261  |Info:    Profile loading: Succeeded for G502 HERO Gaming Mouse @ HID: /dev/hidraw1 (Receiver) 
Wireless Index: 255
2261  |Info:    Profile loading: Succeeded for SteelSeries Apex 3 @ HID: /dev/hidraw5
2261  |Info:    Profile loading: Succeeded for MSI MPG Z390 GAMING PRO CARBON (MS-7B17) @ HID: /dev/hidraw6
