    OpenRGB v0.9
    Commit:  from 
    Launched: 20250124_225102
====================================================================================================

0     |Info:    Found file: Almost normal.orp attempting to validate header
0     |Info:    Valid v4 profile found for Almost normal
0     |Info:    Found file: Normal.orp attempting to validate header
0     |Info:    Valid v4 profile found for Normal
1004  |Info:    ------------------------------------------------------
1004  |Info:    |               Start device detection               |
1004  |Info:    ------------------------------------------------------
1005  |Info:    Initializing HID interfaces: Success
1021  |Info:    ------------------------------------------------------
1021  |Info:    |             Detecting I2C interfaces               |
1021  |Info:    ------------------------------------------------------
1022  |Info:    Registering I2C interface: /dev/i2c-3 Device 10DE:1F08 Subsystem: 3842:2062
1022  |Info:    Registering I2C interface: /dev/i2c-1 Device 10DE:1F08 Subsystem: 3842:2062
1023  |Info:    Registering I2C interface: /dev/i2c-4 Device 10DE:1ADB Subsystem: 3842:2062
1023  |Info:    Registering I2C interface: /dev/i2c-2 Device 10DE:1F08 Subsystem: 3842:2062
1023  |Info:    Registering I2C interface: /dev/i2c-0 Device 10DE:1F08 Subsystem: 3842:2062
1024  |Info:    Registering I2C interface: /dev/i2c-5 Device 8086:A323 Subsystem: 1462:7B17
1024  |Info:    ------------------------------------------------------
1024  |Info:    |               Detecting I2C devices                |
1024  |Info:    ------------------------------------------------------
1107  |Info:    [Corsair Vengeance Pro RGB] Registering RGB controller
1130  |Info:    [Corsair Vengeance Pro RGB] Registering RGB controller
1392  |Info:    ------------------------------------------------------
1392  |Info:    |               Detecting I2C PCI devices            |
1392  |Info:    ------------------------------------------------------
1393  |Info:    ------------------------------------------------------
1393  |Info:    |               Detecting HID devices                |
1393  |Info:    ------------------------------------------------------
1397  |Info:    [Corsair Lighting Node Core] Registering RGB controller
1784  |Info:    [G502 HERO Gaming Mouse] Registering RGB controller
1786  |Info:    [SteelSeries Apex 3] Registering RGB controller
2003  |Info:    [MSI MPG Z390 GAMING PRO CARBON (MS-7B17)] Registering RGB controller
2003  |Info:    ------------------------------------------------------
2003  |Info:    |            Detecting libusb HID devices            |
2003  |Info:    ------------------------------------------------------
2041  |Info:    ------------------------------------------------------
2041  |Info:    |              Detecting other devices               |
2041  |Info:    ------------------------------------------------------
2052  |Info:    ------------------------------------------------------
2052  |Info:    |                Detection completed                 |
2052  |Info:    ------------------------------------------------------
2053  |Info:    Profile loading: Succeeded for Corsair Vengeance Pro RGB @ I2C: /dev/i2c-5, address 0x59
2053  |Info:    Profile loading: Succeeded for Corsair Vengeance Pro RGB @ I2C: /dev/i2c-5, address 0x5B
2053  |Info:    Profile loading: Succeeded for Corsair Lighting Node Core @ HID: /dev/hidraw7
2053  |Info:    Profile loading: Succeeded for G502 HERO Gaming Mouse @ HID: /dev/hidraw1 (Receiver) 
Wireless Index: 255
2053  |Info:    Profile loading: Succeeded for SteelSeries Apex 3 @ HID: /dev/hidraw5
2053  |Info:    Profile loading: Succeeded for MSI MPG Z390 GAMING PRO CARBON (MS-7B17) @ HID: /dev/hidraw6
