    OpenRGB v0.9
    Commit:  from 
    Launched: 20250209_121919
====================================================================================================

0     |Info:    Found file: Almost normal.orp attempting to validate header
0     |Info:    Valid v4 profile found for Almost normal
0     |Info:    Found file: Off.orp attempting to validate header
0     |Info:    Valid v4 profile found for Off
1003  |Info:    ------------------------------------------------------
1004  |Info:    |               Start device detection               |
1004  |Info:    ------------------------------------------------------
1004  |Info:    Initializing HID interfaces: Success
1011  |Info:    ------------------------------------------------------
1011  |Info:    |             Detecting I2C interfaces               |
1011  |Info:    ------------------------------------------------------
1011  |Info:    Registering I2C interface: /dev/i2c-3 Device 10DE:1F08 Subsystem: 3842:2062
1011  |Info:    Registering I2C interface: /dev/i2c-1 Device 10DE:1F08 Subsystem: 3842:2062
1011  |Info:    Registering I2C interface: /dev/i2c-4 Device 10DE:1ADB Subsystem: 3842:2062
1011  |Info:    Registering I2C interface: /dev/i2c-2 Device 10DE:1F08 Subsystem: 3842:2062
1011  |Info:    Registering I2C interface: /dev/i2c-0 Device 10DE:1F08 Subsystem: 3842:2062
1011  |Info:    Registering I2C interface: /dev/i2c-5 Device 8086:A323 Subsystem: 1462:7B17
1011  |Info:    ------------------------------------------------------
1011  |Info:    |               Detecting I2C devices                |
1011  |Info:    ------------------------------------------------------
1097  |Info:    [Corsair Vengeance Pro RGB] Registering RGB controller
1120  |Info:    [Corsair Vengeance Pro RGB] Registering RGB controller
1372  |Info:    ------------------------------------------------------
1372  |Info:    |               Detecting I2C PCI devices            |
1372  |Info:    ------------------------------------------------------
1374  |Info:    ------------------------------------------------------
1374  |Info:    |               Detecting HID devices                |
1374  |Info:    ------------------------------------------------------
1433  |Info:    [Corsair Lighting Node Core] Registering RGB controller
1820  |Info:    [G502 HERO Gaming Mouse] Registering RGB controller
1873  |Info:    [SteelSeries Apex 3] Registering RGB controller
2135  |Info:    [MSI MPG Z390 GAMING PRO CARBON (MS-7B17)] Registering RGB controller
2135  |Info:    ------------------------------------------------------
2135  |Info:    |            Detecting libusb HID devices            |
2135  |Info:    ------------------------------------------------------
2171  |Info:    ------------------------------------------------------
2171  |Info:    |              Detecting other devices               |
2171  |Info:    ------------------------------------------------------
2188  |Info:    ------------------------------------------------------
2188  |Info:    |                Detection completed                 |
2188  |Info:    ------------------------------------------------------
2189  |Info:    Profile loading: Succeeded for Corsair Vengeance Pro RGB @ I2C: /dev/i2c-5, address 0x59
2189  |Info:    Profile loading: Succeeded for Corsair Vengeance Pro RGB @ I2C: /dev/i2c-5, address 0x5B
2189  |Info:    Profile loading: Succeeded for Corsair Lighting Node Core @ HID: /dev/hidraw7
2189  |Info:    Profile loading: Succeeded for G502 HERO Gaming Mouse @ HID: /dev/hidraw1 (Receiver) 
Wireless Index: 255
2189  |Info:    Profile loading: Succeeded for SteelSeries Apex 3 @ HID: /dev/hidraw5
2189  |Info:    Profile loading: Succeeded for MSI MPG Z390 GAMING PRO CARBON (MS-7B17) @ HID: /dev/hidraw6
