    OpenRGB v0.9
    Commit:  from 
    Launched: 20250203_200357
====================================================================================================

0     |Info:    Found file: Almost normal.orp attempting to validate header
0     |Info:    Valid v4 profile found for Almost normal
0     |Info:    Found file: Off.orp attempting to validate header
0     |Info:    Valid v4 profile found for Off
1026  |Info:    ------------------------------------------------------
1026  |Info:    |               Start device detection               |
1026  |Info:    ------------------------------------------------------
1027  |Info:    Initializing HID interfaces: Success
1033  |Info:    ------------------------------------------------------
1033  |Info:    |             Detecting I2C interfaces               |
1033  |Info:    ------------------------------------------------------
1033  |Info:    Registering I2C interface: /dev/i2c-3 Device 10DE:1F08 Subsystem: 3842:2062
1033  |Info:    Registering I2C interface: /dev/i2c-1 Device 10DE:1F08 Subsystem: 3842:2062
1033  |Info:    Registering I2C interface: /dev/i2c-4 Device 10DE:1ADB Subsystem: 3842:2062
1033  |Info:    Registering I2C interface: /dev/i2c-2 Device 10DE:1F08 Subsystem: 3842:2062
1033  |Info:    Registering I2C interface: /dev/i2c-0 Device 10DE:1F08 Subsystem: 3842:2062
1033  |Info:    Registering I2C interface: /dev/i2c-5 Device 8086:A323 Subsystem: 1462:7B17
1033  |Info:    ------------------------------------------------------
1033  |Info:    |               Detecting I2C devices                |
1033  |Info:    ------------------------------------------------------
1120  |Info:    [Corsair Vengeance Pro RGB] Registering RGB controller
1143  |Info:    [Corsair Vengeance Pro RGB] Registering RGB controller
1399  |Info:    ------------------------------------------------------
1399  |Info:    |               Detecting I2C PCI devices            |
1399  |Info:    ------------------------------------------------------
1401  |Info:    ------------------------------------------------------
1401  |Info:    |               Detecting HID devices                |
1401  |Info:    ------------------------------------------------------
1459  |Info:    [Corsair Lighting Node Core] Registering RGB controller
1862  |Info:    [G502 HERO Gaming Mouse] Registering RGB controller
1913  |Info:    [SteelSeries Apex 3] Registering RGB controller
2212  |Info:    [MSI MPG Z390 GAMING PRO CARBON (MS-7B17)] Registering RGB controller
2212  |Info:    ------------------------------------------------------
2212  |Info:    |            Detecting libusb HID devices            |
2212  |Info:    ------------------------------------------------------
2255  |Info:    ------------------------------------------------------
2255  |Info:    |              Detecting other devices               |
2255  |Info:    ------------------------------------------------------
2267  |Info:    ------------------------------------------------------
2267  |Info:    |                Detection completed                 |
2267  |Info:    ------------------------------------------------------
2268  |Info:    Profile loading: Succeeded for Corsair Vengeance Pro RGB @ I2C: /dev/i2c-5, address 0x59
2268  |Info:    Profile loading: Succeeded for Corsair Vengeance Pro RGB @ I2C: /dev/i2c-5, address 0x5B
2268  |Info:    Profile loading: Succeeded for Corsair Lighting Node Core @ HID: /dev/hidraw7
2268  |Info:    Profile loading: Succeeded for G502 HERO Gaming Mouse @ HID: /dev/hidraw1 (Receiver) 
Wireless Index: 255
2268  |Info:    Profile loading: Succeeded for SteelSeries Apex 3 @ HID: /dev/hidraw5
2268  |Info:    Profile loading: Succeeded for MSI MPG Z390 GAMING PRO CARBON (MS-7B17) @ HID: /dev/hidraw6
