    OpenRGB v0.9
    Commit:  from 
    Launched: 20250129_194456
====================================================================================================

0     |Info:    Found file: Almost normal.orp attempting to validate header
0     |Info:    Valid v4 profile found for Almost normal
0     |Info:    Found file: Off.orp attempting to validate header
0     |Info:    Valid v4 profile found for Off
1004  |Info:    ------------------------------------------------------
1004  |Info:    |               Start device detection               |
1004  |Info:    ------------------------------------------------------
1004  |Info:    Initializing HID interfaces: Success
1011  |Info:    ------------------------------------------------------
1011  |Info:    |             Detecting I2C interfaces               |
1011  |Info:    ------------------------------------------------------
1011  |Info:    Registering I2C interface: /dev/i2c-3 Device 10DE:1F08 Subsystem: 3842:2062
1011  |Info:    Registering I2C interface: /dev/i2c-1 Device 10DE:1F08 Subsystem: 3842:2062
1011  |Info:    Registering I2C interface: /dev/i2c-4 Device 10DE:1ADB Subsystem: 3842:2062
1011  |Info:    Registering I2C interface: /dev/i2c-2 Device 10DE:1F08 Subsystem: 3842:2062
1011  |Info:    Registering I2C interface: /dev/i2c-0 Device 10DE:1F08 Subsystem: 3842:2062
1011  |Info:    Registering I2C interface: /dev/i2c-5 Device 8086:A323 Subsystem: 1462:7B17
1011  |Info:    ------------------------------------------------------
1011  |Info:    |               Detecting I2C devices                |
1011  |Info:    ------------------------------------------------------
1095  |Info:    [Corsair Vengeance Pro RGB] Registering RGB controller
1118  |Info:    [Corsair Vengeance Pro RGB] Registering RGB controller
1369  |Info:    ------------------------------------------------------
1369  |Info:    |               Detecting I2C PCI devices            |
1369  |Info:    ------------------------------------------------------
1371  |Info:    ------------------------------------------------------
1371  |Info:    |               Detecting HID devices                |
1371  |Info:    ------------------------------------------------------
1424  |Info:    [Corsair Lighting Node Core] Registering RGB controller
1812  |Info:    [G502 HERO Gaming Mouse] Registering RGB controller
1864  |Info:    [SteelSeries Apex 3] Registering RGB controller
2138  |Info:    [MSI MPG Z390 GAMING PRO CARBON (MS-7B17)] Registering RGB controller
2138  |Info:    ------------------------------------------------------
2138  |Info:    |            Detecting libusb HID devices            |
2138  |Info:    ------------------------------------------------------
2178  |Info:    ------------------------------------------------------
2178  |Info:    |              Detecting other devices               |
2178  |Info:    ------------------------------------------------------
2183  |Info:    ------------------------------------------------------
2183  |Info:    |                Detection completed                 |
2183  |Info:    ------------------------------------------------------
2183  |Info:    Profile loading: Succeeded for Corsair Vengeance Pro RGB @ I2C: /dev/i2c-5, address 0x59
2183  |Info:    Profile loading: Succeeded for Corsair Vengeance Pro RGB @ I2C: /dev/i2c-5, address 0x5B
2183  |Info:    Profile loading: Succeeded for Corsair Lighting Node Core @ HID: /dev/hidraw7
2183  |Info:    Profile loading: Succeeded for G502 HERO Gaming Mouse @ HID: /dev/hidraw2 (Receiver) 
Wireless Index: 255
2183  |Info:    Profile loading: Succeeded for SteelSeries Apex 3 @ HID: /dev/hidraw0
2183  |Info:    Profile loading: Succeeded for MSI MPG Z390 GAMING PRO CARBON (MS-7B17) @ HID: /dev/hidraw6
