    OpenRGB v0.9
    Commit:  from 
    Launched: 20250202_202037
====================================================================================================

0     |Info:    Found file: Almost normal.orp attempting to validate header
0     |Info:    Valid v4 profile found for Almost normal
0     |Info:    Found file: Off.orp attempting to validate header
0     |Info:    Valid v4 profile found for Off
1012  |Info:    ------------------------------------------------------
1012  |Info:    |               Start device detection               |
1012  |Info:    ------------------------------------------------------
1013  |Info:    Initializing HID interfaces: Success
1020  |Info:    ------------------------------------------------------
1020  |Info:    |             Detecting I2C interfaces               |
1020  |Info:    ------------------------------------------------------
1020  |Info:    Registering I2C interface: /dev/i2c-3 Device 10DE:1F08 Subsystem: 3842:2062
1020  |Info:    Registering I2C interface: /dev/i2c-1 Device 10DE:1F08 Subsystem: 3842:2062
1020  |Info:    Registering I2C interface: /dev/i2c-4 Device 10DE:1F08 Subsystem: 3842:2062
1020  |Info:    Registering I2C interface: /dev/i2c-2 Device 10DE:1F08 Subsystem: 3842:2062
1020  |Info:    Registering I2C interface: /dev/i2c-0 Device 10DE:1ADB Subsystem: 3842:2062
1020  |Info:    Registering I2C interface: /dev/i2c-5 Device 8086:A323 Subsystem: 1462:7B17
1020  |Info:    ------------------------------------------------------
1020  |Info:    |               Detecting I2C devices                |
1020  |Info:    ------------------------------------------------------
1105  |Info:    [Corsair Vengeance Pro RGB] Registering RGB controller
1128  |Info:    [Corsair Vengeance Pro RGB] Registering RGB controller
1377  |Info:    ------------------------------------------------------
1378  |Info:    |               Detecting I2C PCI devices            |
1378  |Info:    ------------------------------------------------------
1380  |Info:    ------------------------------------------------------
1380  |Info:    |               Detecting HID devices                |
1380  |Info:    ------------------------------------------------------
1436  |Info:    [Corsair Lighting Node Core] Registering RGB controller
1825  |Info:    [G502 HERO Gaming Mouse] Registering RGB controller
1877  |Info:    [SteelSeries Apex 3] Registering RGB controller
2150  |Info:    [MSI MPG Z390 GAMING PRO CARBON (MS-7B17)] Registering RGB controller
2150  |Info:    ------------------------------------------------------
2150  |Info:    |            Detecting libusb HID devices            |
2150  |Info:    ------------------------------------------------------
2168  |Info:    ------------------------------------------------------
2168  |Info:    |              Detecting other devices               |
2168  |Info:    ------------------------------------------------------
2172  |Info:    ------------------------------------------------------
2172  |Info:    |                Detection completed                 |
2172  |Info:    ------------------------------------------------------
2172  |Info:    Profile loading: Succeeded for Corsair Vengeance Pro RGB @ I2C: /dev/i2c-5, address 0x59
2172  |Info:    Profile loading: Succeeded for Corsair Vengeance Pro RGB @ I2C: /dev/i2c-5, address 0x5B
2172  |Info:    Profile loading: Succeeded for Corsair Lighting Node Core @ HID: /dev/hidraw7
2172  |Info:    Profile loading: Succeeded for G502 HERO Gaming Mouse @ HID: /dev/hidraw5 (Receiver) 
Wireless Index: 255
2172  |Info:    Profile loading: Succeeded for SteelSeries Apex 3 @ HID: /dev/hidraw3
2172  |Info:    Profile loading: Succeeded for MSI MPG Z390 GAMING PRO CARBON (MS-7B17) @ HID: /dev/hidraw6
