    OpenRGB v0.9
    Commit:  from 
    Launched: 20250217_235108
====================================================================================================

14    |Info:    Found file: Almost normal.orp attempting to validate header
14    |Info:    Valid v4 profile found for Almost normal
14    |Info:    Found file: Off.orp attempting to validate header
14    |Info:    Valid v4 profile found for Off
1018  |Info:    ------------------------------------------------------
1018  |Info:    |               Start device detection               |
1018  |Info:    ------------------------------------------------------
1019  |Info:    Initializing HID interfaces: Success
1033  |Info:    ------------------------------------------------------
1033  |Info:    |             Detecting I2C interfaces               |
1033  |Info:    ------------------------------------------------------
1033  |Info:    Registering I2C interface: /dev/i2c-3 Device 10DE:1F08 Subsystem: 3842:2062
1034  |Info:    Registering I2C interface: /dev/i2c-1 Device 10DE:1F08 Subsystem: 3842:2062
1034  |Info:    Registering I2C interface: /dev/i2c-4 Device 10DE:1ADB Subsystem: 3842:2062
1034  |Info:    Registering I2C interface: /dev/i2c-2 Device 10DE:1F08 Subsystem: 3842:2062
1034  |Info:    Registering I2C interface: /dev/i2c-0 Device 10DE:1F08 Subsystem: 3842:2062
1035  |Info:    Registering I2C interface: /dev/i2c-5 Device 8086:A323 Subsystem: 1462:7B17
1035  |Info:    ------------------------------------------------------
1035  |Info:    |               Detecting I2C devices                |
1035  |Info:    ------------------------------------------------------
1126  |Info:    [Corsair Vengeance Pro RGB] Registering RGB controller
1149  |Info:    [Corsair Vengeance Pro RGB] Registering RGB controller
1400  |Info:    ------------------------------------------------------
1400  |Info:    |               Detecting I2C PCI devices            |
1401  |Info:    ------------------------------------------------------
1403  |Info:    ------------------------------------------------------
1415  |Info:    |               Detecting HID devices                |
1415  |Info:    ------------------------------------------------------
1469  |Info:    [Corsair Lighting Node Core] Registering RGB controller
1857  |Info:    [G502 HERO Gaming Mouse] Registering RGB controller
1909  |Info:    [SteelSeries Apex 3] Registering RGB controller
2190  |Info:    [MSI MPG Z390 GAMING PRO CARBON (MS-7B17)] Registering RGB controller
2190  |Info:    ------------------------------------------------------
2190  |Info:    |            Detecting libusb HID devices            |
2190  |Info:    ------------------------------------------------------
2226  |Info:    ------------------------------------------------------
2226  |Info:    |              Detecting other devices               |
2226  |Info:    ------------------------------------------------------
2241  |Info:    ------------------------------------------------------
2241  |Info:    |                Detection completed                 |
2241  |Info:    ------------------------------------------------------
2242  |Info:    Profile loading: Succeeded for Corsair Vengeance Pro RGB @ I2C: /dev/i2c-5, address 0x59
2242  |Info:    Profile loading: Succeeded for Corsair Vengeance Pro RGB @ I2C: /dev/i2c-5, address 0x5B
2242  |Info:    Profile loading: Succeeded for Corsair Lighting Node Core @ HID: /dev/hidraw7
2242  |Info:    Profile loading: Succeeded for G502 HERO Gaming Mouse @ HID: /dev/hidraw1 (Receiver) 
Wireless Index: 255
2242  |Info:    Profile loading: Succeeded for SteelSeries Apex 3 @ HID: /dev/hidraw5
2242  |Info:    Profile loading: Succeeded for MSI MPG Z390 GAMING PRO CARBON (MS-7B17) @ HID: /dev/hidraw6
