    OpenRGB v0.9
    Commit:  from 
    Launched: 20250212_140209
====================================================================================================

0     |Info:    Found file: Almost normal.orp attempting to validate header
0     |Info:    Valid v4 profile found for Almost normal
0     |Info:    Found file: Off.orp attempting to validate header
0     |Info:    Valid v4 profile found for Off
1004  |Info:    ------------------------------------------------------
1004  |Info:    |               Start device detection               |
1004  |Info:    ------------------------------------------------------
1004  |Info:    Initializing HID interfaces: Success
1014  |Info:    ------------------------------------------------------
1014  |Info:    |             Detecting I2C interfaces               |
1014  |Info:    ------------------------------------------------------
1014  |Info:    Registering I2C interface: /dev/i2c-3 Device 10DE:1F08 Subsystem: 3842:2062
1014  |Info:    Registering I2C interface: /dev/i2c-1 Device 10DE:1F08 Subsystem: 3842:2062
1014  |Info:    Registering I2C interface: /dev/i2c-4 Device 10DE:1ADB Subsystem: 3842:2062
1014  |Info:    Registering I2C interface: /dev/i2c-2 Device 10DE:1F08 Subsystem: 3842:2062
1014  |Info:    Registering I2C interface: /dev/i2c-0 Device 10DE:1F08 Subsystem: 3842:2062
1015  |Info:    Registering I2C interface: /dev/i2c-5 Device 8086:A323 Subsystem: 1462:7B17
1015  |Info:    ------------------------------------------------------
1015  |Info:    |               Detecting I2C devices                |
1015  |Info:    ------------------------------------------------------
1098  |Info:    [Corsair Vengeance Pro RGB] Registering RGB controller
1121  |Info:    [Corsair Vengeance Pro RGB] Registering RGB controller
1367  |Info:    ------------------------------------------------------
1367  |Info:    |               Detecting I2C PCI devices            |
1367  |Info:    ------------------------------------------------------
1367  |Info:    ------------------------------------------------------
1367  |Info:    |               Detecting HID devices                |
1367  |Info:    ------------------------------------------------------
1419  |Info:    [Corsair Lighting Node Core] Registering RGB controller
1806  |Info:    [G502 HERO Gaming Mouse] Registering RGB controller
1857  |Info:    [SteelSeries Apex 3] Registering RGB controller
2138  |Info:    [MSI MPG Z390 GAMING PRO CARBON (MS-7B17)] Registering RGB controller
2138  |Info:    ------------------------------------------------------
2138  |Info:    |            Detecting libusb HID devices            |
2138  |Info:    ------------------------------------------------------
2155  |Info:    ------------------------------------------------------
2155  |Info:    |              Detecting other devices               |
2155  |Info:    ------------------------------------------------------
2162  |Info:    ------------------------------------------------------
2162  |Info:    |                Detection completed                 |
2162  |Info:    ------------------------------------------------------
2162  |Info:    Profile loading: Succeeded for Corsair Vengeance Pro RGB @ I2C: /dev/i2c-5, address 0x59
2162  |Info:    Profile loading: Succeeded for Corsair Vengeance Pro RGB @ I2C: /dev/i2c-5, address 0x5B
2162  |Info:    Profile loading: Succeeded for Corsair Lighting Node Core @ HID: /dev/hidraw7
2162  |Info:    Profile loading: Succeeded for G502 HERO Gaming Mouse @ HID: /dev/hidraw1 (Receiver) 
Wireless Index: 255
2162  |Info:    Profile loading: Succeeded for SteelSeries Apex 3 @ HID: /dev/hidraw5
2162  |Info:    Profile loading: Succeeded for MSI MPG Z390 GAMING PRO CARBON (MS-7B17) @ HID: /dev/hidraw6
