    OpenRGB v0.9
    Commit:  from 
    Launched: 20250212_231747
====================================================================================================

0     |Info:    Found file: Almost normal.orp attempting to validate header
1     |Info:    Valid v4 profile found for Almost normal
1     |Info:    Found file: Off.orp attempting to validate header
1     |Info:    Valid v4 profile found for Off
1012  |Info:    ------------------------------------------------------
1012  |Info:    |               Start device detection               |
1012  |Info:    ------------------------------------------------------
1013  |Info:    Initializing HID interfaces: Success
1029  |Info:    ------------------------------------------------------
1029  |Info:    |             Detecting I2C interfaces               |
1029  |Info:    ------------------------------------------------------
1029  |Info:    Registering I2C interface: /dev/i2c-3 Device 10DE:1F08 Subsystem: 3842:2062
1030  |Info:    Registering I2C interface: /dev/i2c-1 Device 10DE:1F08 Subsystem: 3842:2062
1030  |Info:    Registering I2C interface: /dev/i2c-4 Device 10DE:1ADB Subsystem: 3842:2062
1030  |Info:    Registering I2C interface: /dev/i2c-2 Device 10DE:1F08 Subsystem: 3842:2062
1031  |Info:    Registering I2C interface: /dev/i2c-0 Device 10DE:1F08 Subsystem: 3842:2062
1031  |Info:    Registering I2C interface: /dev/i2c-5 Device 8086:A323 Subsystem: 1462:7B17
1031  |Info:    ------------------------------------------------------
1031  |Info:    |               Detecting I2C devices                |
1031  |Info:    ------------------------------------------------------
1126  |Info:    [Corsair Vengeance Pro RGB] Registering RGB controller
1149  |Info:    [Corsair Vengeance Pro RGB] Registering RGB controller
1403  |Info:    ------------------------------------------------------
1403  |Info:    |               Detecting I2C PCI devices            |
1403  |Info:    ------------------------------------------------------
1406  |Info:    ------------------------------------------------------
1406  |Info:    |               Detecting HID devices                |
1406  |Info:    ------------------------------------------------------
1460  |Info:    [Corsair Lighting Node Core] Registering RGB controller
1863  |Info:    [G502 HERO Gaming Mouse] Registering RGB controller
1915  |Info:    [SteelSeries Apex 3] Registering RGB controller
2175  |Info:    [MSI MPG Z390 GAMING PRO CARBON (MS-7B17)] Registering RGB controller
2176  |Info:    ------------------------------------------------------
2176  |Info:    |            Detecting libusb HID devices            |
2176  |Info:    ------------------------------------------------------
2216  |Info:    ------------------------------------------------------
2216  |Info:    |              Detecting other devices               |
2216  |Info:    ------------------------------------------------------
2235  |Info:    ------------------------------------------------------
2235  |Info:    |                Detection completed                 |
2235  |Info:    ------------------------------------------------------
2236  |Info:    Profile loading: Succeeded for Corsair Vengeance Pro RGB @ I2C: /dev/i2c-5, address 0x59
2236  |Info:    Profile loading: Succeeded for Corsair Vengeance Pro RGB @ I2C: /dev/i2c-5, address 0x5B
2236  |Info:    Profile loading: Succeeded for Corsair Lighting Node Core @ HID: /dev/hidraw7
2236  |Info:    Profile loading: Succeeded for G502 HERO Gaming Mouse @ HID: /dev/hidraw1 (Receiver) 
Wireless Index: 255
2236  |Info:    Profile loading: Succeeded for SteelSeries Apex 3 @ HID: /dev/hidraw5
2236  |Info:    Profile loading: Succeeded for MSI MPG Z390 GAMING PRO CARBON (MS-7B17) @ HID: /dev/hidraw6
