    OpenRGB v0.9
    Commit:  from 
    Launched: 20250202_223256
====================================================================================================

0     |Info:    Found file: Almost normal.orp attempting to validate header
0     |Info:    Valid v4 profile found for Almost normal
0     |Info:    Found file: Off.orp attempting to validate header
0     |Info:    Valid v4 profile found for Off
1004  |Info:    ------------------------------------------------------
1004  |Info:    |               Start device detection               |
1004  |Info:    ------------------------------------------------------
1004  |Info:    Initializing HID interfaces: Success
1011  |Info:    ------------------------------------------------------
1011  |Info:    |             Detecting I2C interfaces               |
1011  |Info:    ------------------------------------------------------
1011  |Info:    Registering I2C interface: /dev/i2c-3 Device 10DE:1F08 Subsystem: 3842:2062
1011  |Info:    Registering I2C interface: /dev/i2c-1 Device 10DE:1F08 Subsystem: 3842:2062
1011  |Info:    Registering I2C interface: /dev/i2c-4 Device 10DE:1F08 Subsystem: 3842:2062
1011  |Info:    Registering I2C interface: /dev/i2c-2 Device 10DE:1F08 Subsystem: 3842:2062
1011  |Info:    Registering I2C interface: /dev/i2c-0 Device 10DE:1ADB Subsystem: 3842:2062
1011  |Info:    Registering I2C interface: /dev/i2c-5 Device 8086:A323 Subsystem: 1462:7B17
1011  |Info:    ------------------------------------------------------
1011  |Info:    |               Detecting I2C devices                |
1011  |Info:    ------------------------------------------------------
1101  |Info:    [Corsair Vengeance Pro RGB] Registering RGB controller
1124  |Info:    [Corsair Vengeance Pro RGB] Registering RGB controller
1377  |Info:    ------------------------------------------------------
1377  |Info:    |               Detecting I2C PCI devices            |
1377  |Info:    ------------------------------------------------------
1380  |Info:    ------------------------------------------------------
1380  |Info:    |               Detecting HID devices                |
1380  |Info:    ------------------------------------------------------
1434  |Info:    [Corsair Lighting Node Core] Registering RGB controller
1822  |Info:    [G502 HERO Gaming Mouse] Registering RGB controller
1874  |Info:    [SteelSeries Apex 3] Registering RGB controller
2162  |Info:    [MSI MPG Z390 GAMING PRO CARBON (MS-7B17)] Registering RGB controller
2162  |Info:    ------------------------------------------------------
2162  |Info:    |            Detecting libusb HID devices            |
2162  |Info:    ------------------------------------------------------
2200  |Info:    ------------------------------------------------------
2200  |Info:    |              Detecting other devices               |
2200  |Info:    ------------------------------------------------------
2208  |Info:    ------------------------------------------------------
2208  |Info:    |                Detection completed                 |
2208  |Info:    ------------------------------------------------------
2208  |Info:    Profile loading: Succeeded for Corsair Vengeance Pro RGB @ I2C: /dev/i2c-5, address 0x59
2208  |Info:    Profile loading: Succeeded for Corsair Vengeance Pro RGB @ I2C: /dev/i2c-5, address 0x5B
2208  |Info:    Profile loading: Succeeded for Corsair Lighting Node Core @ HID: /dev/hidraw7
2208  |Info:    Profile loading: Succeeded for G502 HERO Gaming Mouse @ HID: /dev/hidraw5 (Receiver) 
Wireless Index: 255
2208  |Info:    Profile loading: Succeeded for SteelSeries Apex 3 @ HID: /dev/hidraw3
2208  |Info:    Profile loading: Succeeded for MSI MPG Z390 GAMING PRO CARBON (MS-7B17) @ HID: /dev/hidraw6
