Launching "Subnautica Below Zero" (legendary)
Native? No
Installed in: /home/nick/Games/Heroic/SubnauticaBelowZero

System Info:
CPU: 8x Intel(R) Core(TM) i7-9700K CPU @ 3.60GHz
Memory: 16.7 GB (used: 2.35 GB)
GPUs:
  GPU 0:
    Name: NVIDIA Corporation TU106 [GeForce RTX 2060 Rev. A]
    IDs: D=1f08 V=10de SD=2062 SV=3842
    Driver: nvidia
OS: Arch Linux 6.6.72-1-lts (linux)

The current system is not a Steam Deck
We are not running inside a Flatpak container

Software Versions:
  Heroic: 2.15.2 Emeth
  Legendary: 0.20.36 Urban Flight (Heroic)
  gogdl: 1.1.2
  comet: comet 0.1.2

  Nile: 1.1.2 Will A. Zeppeli

Game Settings: {
	"autoInstallDxvk": true,
	"autoInstallDxvkNvapi": false,
	"autoInstallVkd3d": true,
	"preferSystemLibs": false,
	"enableEsync": true,
	"enableMsync": false,
	"enableFsync": true,
	"nvidiaPrime": false,
	"enviromentOptions": [],
	"wrapperOptions": [],
	"showFps": true,
	"useGameMode": false,
	"battlEyeRuntime": true,
	"eacRuntime": true,
	"language": "",
	"beforeLaunchScriptPath": "",
	"afterLaunchScriptPath": "",
	"wineVersion": {
		"bin": "/home/nick/.local/share/Steam/steamapps/common/Proton - Experimental/proton",
		"name": "Proton - Proton - Experimental",
		"type": "proton"
	},
	"winePrefix": "/home/nick/Games/Heroic/Prefixes/default/Subnautica Below Zero",
	"wineCrossoverBottle": ""
}

Game launched at: Sun Jan 26 2025 14:28:42 GMT+0100 (Central European Standard Time)

Winetricks packages: 

Launch Command: HEROIC_APP_NAME=Foxglove HEROIC_APP_RUNNER=legendary GAMEID=umu-0 HEROIC_APP_SOURCE=epic STORE=egs STEAM_COMPAT_INSTALL_PATH=/home/nick/Games/Heroic/SubnauticaBelowZero LD_PRELOAD= STEAM_COMPAT_CLIENT_INSTALL_PATH=/home/nick/.steam/steam WINEPREFIX="/home/nick/Games/Heroic/Prefixes/default/Subnautica Below Zero" STEAM_COMPAT_DATA_PATH="/home/nick/Games/Heroic/Prefixes/default/Subnautica Below Zero" PROTONPATH="/home/nick/.local/share/Steam/steamapps/common/Proton - Experimental" DXVK_HUD=fps WINE_FULLSCREEN_FSR=0 PROTON_DISABLE_NVAPI=1 PROTON_EAC_RUNTIME=/home/nick/.config/heroic/tools/runtimes/eac_runtime PROTON_BATTLEYE_RUNTIME=/home/nick/.config/heroic/tools/runtimes/battleye_runtime STEAM_COMPAT_APP_ID=0 SteamAppId=0 SteamGameId=heroic-SubnauticaBelowZero PROTON_LOG_DIR=/home/nick /opt/Heroic/resources/app.asar.unpacked/build/bin/x64/linux/legendary launch Foxglove --no-wine --wrapper " "/home/nick/.local/share/Steam/steamapps/common/Proton - Experimental/proton" waitforexitandrun" --language en

Game Log:
[cli] INFO: Logging in...
[Core] INFO: Trying to re-use existing login session...
[cli] INFO: Checking for updates...
[Core] INFO: Getting authentication token...
[cli] INFO: Launching Foxglove...
fsync: up and running.
[S_API FAIL] SteamAPI_Init() failed; no appID found.
Either launch the game from Steam, or put the file steam_appid.txt containing the correct appID in your game folder.
============= End of log =============