Launching "Below Zero Multiplayer" (sideload)
Native? No
Installed in: /home/nick/Documents/BelowZero

System Info:
CPU: 8x Intel(R) Core(TM) i7-9700K CPU @ 3.60GHz
Memory: 16.7 GB (used: 2.46 GB)
GPUs:
  GPU 0:
    Name: NVIDIA Corporation TU106 [GeForce RTX 2060 Rev. A]
    IDs: D=1f08 V=10de SD=2062 SV=3842
    Driver: nvidia
OS: Arch Linux 6.6.72-1-lts (linux)

The current system is not a Steam Deck
We are not running inside a Flatpak container

Software Versions:
  Heroic: 2.15.2 Emeth
  Legendary: 0.20.36 Urban Flight (Heroic)
  gogdl: 1.1.2
  comet: comet 0.1.2

  Nile: 1.1.2 Will A. Zeppeli

Game Settings: {
	"autoInstallDxvk": true,
	"autoInstallDxvkNvapi": false,
	"autoInstallVkd3d": true,
	"preferSystemLibs": false,
	"enableEsync": true,
	"enableMsync": false,
	"enableFsync": true,
	"nvidiaPrime": false,
	"enviromentOptions": [],
	"wrapperOptions": [],
	"showFps": true,
	"useGameMode": false,
	"battlEyeRuntime": true,
	"eacRuntime": true,
	"language": "",
	"beforeLaunchScriptPath": "",
	"afterLaunchScriptPath": "",
	"wineVersion": {
		"bin": "/home/nick/.local/share/Steam/steamapps/common/Proton - Experimental/proton",
		"name": "Proton - Proton - Experimental",
		"type": "proton"
	},
	"winePrefix": "/home/nick/Games/Heroic/Prefixes/default/BelowZeroMultiPlayer",
	"wineCrossoverBottle": ""
}

Game launched at: Sun Jan 26 2025 14:36:44 GMT+0100 (Central European Standard Time)

Winetricks packages: 

fsync: up and running.
[S_API FAIL] SteamAPI_Init() failed; no appID found.
Either launch the game from Steam, or put the file steam_appid.txt containing the correct appID in your game folder.
/var/hostdir/mono/mono/eglib/gpath.c:115: assertion 'filename != NULL' failed

/var/hostdir/mono/mono/eglib/gpath.c:115: assertion 'filename != NULL' failed

wine: Read access denied for device L"\\??\\Z:\\", FS volume label and serial are not available.
============= End of log =============